# JRE version: Java(TM) SE Runtime Environment (8.0_151-b12) (build 1.8.0_151-b12)
# Java VM: Java HotSpot(TM) 64-Bit Server VM (25.151-b12 mixed mode linux-amd64 compressed oops)
Heap:
 PSYoungGen      total 184832K, used 155472K [0x00000000eb780000, 0x00000000f9b00000, 0x0000000100000000)
  eden space 171520K, 90% used [0x00000000eb780000,0x00000000f4f54240,0x00000000f5f00000)
  from space 13312K, 0% used [0x00000000f6d80000,0x00000000f6d80000,0x00000000f7a80000)
  to   space 14848K, 0% used [0x00000000f5f00000,0x00000000f5f00000,0x00000000f6d80000)
 ParOldGen       total 57856K, used 18578K [0x00000000c2600000, 0x00000000c5e80000, 0x00000000eb780000)
  object space 57856K, 32% used [0x00000000c2600000,0x00000000c38248d8,0x00000000c5e80000)
 Metaspace       used 50216K, capacity 51958K, committed 52096K, reserved 1095680K
  class space    used 6647K, capacity 7001K, committed 7040K, reserved 1048576K
GC Heap History (10 events):
Event: 2.629 GC heap before
{Heap before GC invocations=6 (full 1):
 PSYoungGen      total 66048K, used 2544K [0x00000000eb780000, 0x00000000f4280000, 0x0000000100000000)
  eden space 63488K, 0% used [0x00000000eb780000,0x00000000eb780000,0x00000000ef580000)
  from space 2560K, 99% used [0x00000000ef580000,0x00000000ef7fc010,0x00000000ef800000)
  to   space 7680K, 0% used [0x00000000f3b00000,0x00000000f3b00000,0x00000000f4280000)
 ParOldGen       total 42496K, used 11983K [0x00000000c2600000, 0x00000000c4f80000, 0x00000000eb780000)
  object space 42496K, 28% used [0x00000000c2600000,0x00000000c31b3cf8,0x00000000c4f80000)
 Metaspace       used 20599K, capacity 21146K, committed 21248K, reserved 1067008K
  class space    used 2633K, capacity 2783K, committed 2816K, reserved 1048576K
Event: 2.657 GC heap after
Heap after GC invocations=6 (full 1):
 PSYoungGen      total 66048K, used 0K [0x00000000eb780000, 0x00000000f4280000, 0x0000000100000000)
  eden space 63488K, 0% used [0x00000000eb780000,0x00000000eb780000,0x00000000ef580000)
  from space 2560K, 0% used [0x00000000ef580000,0x00000000ef580000,0x00000000ef800000)
  to   space 7680K, 0% used [0x00000000f3b00000,0x00000000f3b00000,0x00000000f4280000)
 ParOldGen       total 36352K, used 9822K [0x00000000c2600000, 0x00000000c4980000, 0x00000000eb780000)
  object space 36352K, 27% used [0x00000000c2600000,0x00000000c2f97bc0,0x00000000c4980000)
 Metaspace       used 20597K, capacity 21140K, committed 21248K, reserved 1067008K
  class space    used 2633K, capacity 2782K, committed 2816K, reserved 1048576K
}
Event: 3.160 GC heap before
{Heap before GC invocations=7 (full 1):
 PSYoungGen      total 66048K, used 63488K [0x00000000eb780000, 0x00000000f4280000, 0x0000000100000000)
  eden space 63488K, 100% used [0x00000000eb780000,0x00000000ef580000,0x00000000ef580000)
  from space 2560K, 0% used [0x00000000ef580000,0x00000000ef580000,0x00000000ef800000)
  to   space 7680K, 0% used [0x00000000f3b00000,0x00000000f3b00000,0x00000000f4280000)
 ParOldGen       total 36352K, used 9822K [0x00000000c2600000, 0x00000000c4980000, 0x00000000eb780000)
  object space 36352K, 27% used [0x00000000c2600000,0x00000000c2f97bc0,0x00000000c4980000)
 Metaspace       used 23713K, capacity 24390K, committed 24576K, reserved 1071104K
  class space    used 3009K, capacity 3211K, committed 3328K, reserved 1048576K
Event: 3.168 GC heap after
Heap after GC invocations=7 (full 1):
 PSYoungGen      total 109568K, used 4030K [0x00000000eb780000, 0x00000000f3f00000, 0x0000000100000000)
  eden space 105472K, 0% used [0x00000000eb780000,0x00000000eb780000,0x00000000f1e80000)
  from space 4096K, 98% used [0x00000000f3b00000,0x00000000f3eefa48,0x00000000f3f00000)
  to   space 7680K, 0% used [0x00000000f3000000,0x00000000f3000000,0x00000000f3780000)
 ParOldGen       total 36352K, used 9830K [0x00000000c2600000, 0x00000000c4980000, 0x00000000eb780000)
  object space 36352K, 27% used [0x00000000c2600000,0x00000000c2f99bc0,0x00000000c4980000)
 Metaspace       used 23713K, capacity 24390K, committed 24576K, reserved 1071104K
  class space    used 3009K, capacity 3211K, committed 3328K, reserved 1048576K
}
Event: 5.479 GC heap before
{Heap before GC invocations=8 (full 1):
 PSYoungGen      total 109568K, used 109495K [0x00000000eb780000, 0x00000000f3f00000, 0x0000000100000000)
  eden space 105472K, 99% used [0x00000000eb780000,0x00000000f1e7e258,0x00000000f1e80000)
  from space 4096K, 98% used [0x00000000f3b00000,0x00000000f3eefa48,0x00000000f3f00000)
  to   space 7680K, 0% used [0x00000000f3000000,0x00000000f3000000,0x00000000f3780000)
 ParOldGen       total 36352K, used 9830K [0x00000000c2600000, 0x00000000c4980000, 0x00000000eb780000)
  object space 36352K, 27% used [0x00000000c2600000,0x00000000c2f99bc0,0x00000000c4980000)
 Metaspace       used 32606K, capacity 34100K, committed 34176K, reserved 1079296K
  class space    used 4183K, capacity 4476K, committed 4480K, reserved 1048576K
Event: 5.512 GC heap after
Heap after GC invocations=8 (full 1):
 PSYoungGen      total 131072K, used 7652K [0x00000000eb780000, 0x00000000f7a80000, 0x0000000100000000)
  eden space 123392K, 0% used [0x00000000eb780000,0x00000000eb780000,0x00000000f3000000)
  from space 7680K, 99% used [0x00000000f3000000,0x00000000f3779348,0x00000000f3780000)
  to   space 13312K, 0% used [0x00000000f6d80000,0x00000000f6d80000,0x00000000f7a80000)
 ParOldGen       total 36352K, used 18992K [0x00000000c2600000, 0x00000000c4980000, 0x00000000eb780000)
  object space 36352K, 52% used [0x00000000c2600000,0x00000000c388c178,0x00000000c4980000)
 Metaspace       used 32606K, capacity 34100K, committed 34176K, reserved 1079296K
  class space    used 4183K, capacity 4476K, committed 4480K, reserved 1048576K
}
Event: 6.102 GC heap before
{Heap before GC invocations=9 (full 1):
 PSYoungGen      total 131072K, used 83514K [0x00000000eb780000, 0x00000000f7a80000, 0x0000000100000000)
  eden space 123392K, 61% used [0x00000000eb780000,0x00000000f0195890,0x00000000f3000000)
  from space 7680K, 99% used [0x00000000f3000000,0x00000000f3779348,0x00000000f3780000)
  to   space 13312K, 0% used [0x00000000f6d80000,0x00000000f6d80000,0x00000000f7a80000)
 ParOldGen       total 36352K, used 18992K [0x00000000c2600000, 0x00000000c4980000, 0x00000000eb780000)
  object space 36352K, 52% used [0x00000000c2600000,0x00000000c388c178,0x00000000c4980000)
 Metaspace       used 33889K, capacity 35364K, committed 35416K, reserved 1081344K
  class space    used 4334K, capacity 4598K, committed 4608K, reserved 1048576K
Event: 6.116 GC heap after
Heap after GC invocations=9 (full 1):
 PSYoungGen      total 184832K, used 11167K [0x00000000eb780000, 0x00000000f9b00000, 0x0000000100000000)
  eden space 171520K, 0% used [0x00000000eb780000,0x00000000eb780000,0x00000000f5f00000)
  from space 13312K, 83% used [0x00000000f6d80000,0x00000000f7867ef8,0x00000000f7a80000)
  to   space 14848K, 0% used [0x00000000f5f00000,0x00000000f5f00000,0x00000000f6d80000)
 ParOldGen       total 36352K, used 19064K [0x00000000c2600000, 0x00000000c4980000, 0x00000000eb780000)
  object space 36352K, 52% used [0x00000000c2600000,0x00000000c389e188,0x00000000c4980000)
 Metaspace       used 33889K, capacity 35364K, committed 35416K, reserved 1081344K
  class space    used 4334K, capacity 4598K, committed 4608K, reserved 1048576K
}
Event: 6.116 GC heap before
{Heap before GC invocations=10 (full 2):
 PSYoungGen      total 184832K, used 11167K [0x00000000eb780000, 0x00000000f9b00000, 0x0000000100000000)
  eden space 171520K, 0% used [0x00000000eb780000,0x00000000eb780000,0x00000000f5f00000)
  from space 13312K, 83% used [0x00000000f6d80000,0x00000000f7867ef8,0x00000000f7a80000)
  to   space 14848K, 0% used [0x00000000f5f00000,0x00000000f5f00000,0x00000000f6d80000)
 ParOldGen       total 36352K, used 19064K [0x00000000c2600000, 0x00000000c4980000, 0x00000000eb780000)
  object space 36352K, 52% used [0x00000000c2600000,0x00000000c389e188,0x00000000c4980000)
 Metaspace       used 33889K, capacity 35364K, committed 35416K, reserved 1081344K
  class space    used 4334K, capacity 4598K, committed 4608K, reserved 1048576K
Event: 6.196 GC heap after
Heap after GC invocations=10 (full 2):
 PSYoungGen      total 184832K, used 0K [0x00000000eb780000, 0x00000000f9b00000, 0x0000000100000000)
  eden space 171520K, 0% used [0x00000000eb780000,0x00000000eb780000,0x00000000f5f00000)
  from space 13312K, 0% used [0x00000000f6d80000,0x00000000f6d80000,0x00000000f7a80000)
  to   space 14848K, 0% used [0x00000000f5f00000,0x00000000f5f00000,0x00000000f6d80000)
 ParOldGen       total 57856K, used 18578K [0x00000000c2600000, 0x00000000c5e80000, 0x00000000eb780000)
  object space 57856K, 32% used [0x00000000c2600000,0x00000000c38248d8,0x00000000c5e80000)
 Metaspace       used 33889K, capacity 35364K, committed 35416K, reserved 1081344K
  class space    used 4334K, capacity 4598K, committed 4608K, reserved 1048576K
}

