# JRE version: Java(TM) SE Runtime Environment (8.0_151-b12) (build 1.8.0_151-b12)
# Java VM: Java HotSpot(TM) 64-Bit Server VM (25.151-b12 mixed mode linux-amd64 compressed oops)
Heap:
 PSYoungGen      total 226304K, used 2337K [0x00000000eb780000, 0x00000000fa900000, 0x0000000100000000)
  eden space 205824K, 0% used [0x00000000eb780000,0x00000000eb780000,0x00000000f8080000)
  from space 20480K, 11% used [0x00000000f8080000,0x00000000f82c8588,0x00000000f9480000)
  to   space 15872K, 0% used [0x00000000f9480000,0x00000000f9480000,0x00000000fa400000)
 ParOldGen       total 57344K, used 33071K [0x00000000c2600000, 0x00000000c5e00000, 0x00000000eb780000)
  object space 57344K, 57% used [0x00000000c2600000,0x00000000c464bf38,0x00000000c5e00000)
 Metaspace       used 57789K, capacity 59870K, committed 60080K, reserved 1101824K
  class space    used 7819K, capacity 8227K, committed 8272K, reserved 1048576K
GC Heap History (10 events):
Event: 4.639 GC heap after
Heap after GC invocations=10 (full 1):
 PSYoungGen      total 131584K, used 8186K [0x00000000eb780000, 0x00000000f6800000, 0x0000000100000000)
  eden space 123392K, 0% used [0x00000000eb780000,0x00000000eb780000,0x00000000f3000000)
  from space 8192K, 99% used [0x00000000f3000000,0x00000000f37feaa0,0x00000000f3800000)
  to   space 10240K, 0% used [0x00000000f5e00000,0x00000000f5e00000,0x00000000f6800000)
 ParOldGen       total 28160K, used 7913K [0x00000000c2600000, 0x00000000c4180000, 0x00000000eb780000)
  object space 28160K, 28% used [0x00000000c2600000,0x00000000c2dba728,0x00000000c4180000)
 Metaspace       used 26412K, capacity 27276K, committed 27516K, reserved 1073152K
  class space    used 3400K, capacity 3620K, committed 3708K, reserved 1048576K
}
Event: 6.143 GC heap before
{Heap before GC invocations=11 (full 1):
 PSYoungGen      total 131584K, used 115373K [0x00000000eb780000, 0x00000000f6800000, 0x0000000100000000)
  eden space 123392K, 86% used [0x00000000eb780000,0x00000000f202c978,0x00000000f3000000)
  from space 8192K, 99% used [0x00000000f3000000,0x00000000f37feaa0,0x00000000f3800000)
  to   space 10240K, 0% used [0x00000000f5e00000,0x00000000f5e00000,0x00000000f6800000)
 ParOldGen       total 28160K, used 7913K [0x00000000c2600000, 0x00000000c4180000, 0x00000000eb780000)
  object space 28160K, 28% used [0x00000000c2600000,0x00000000c2dba728,0x00000000c4180000)
 Metaspace       used 34502K, capacity 35986K, committed 36048K, reserved 1081344K
  class space    used 4479K, capacity 4787K, committed 4816K, reserved 1048576K
Event: 6.171 GC heap after
Heap after GC invocations=11 (full 1):
 PSYoungGen      total 165376K, used 10231K [0x00000000eb780000, 0x00000000f8080000, 0x0000000100000000)
  eden space 155136K, 0% used [0x00000000eb780000,0x00000000eb780000,0x00000000f4f00000)
  from space 10240K, 99% used [0x00000000f5e00000,0x00000000f67fdcd8,0x00000000f6800000)
  to   space 15360K, 0% used [0x00000000f4f00000,0x00000000f4f00000,0x00000000f5e00000)
 ParOldGen       total 28160K, used 17422K [0x00000000c2600000, 0x00000000c4180000, 0x00000000eb780000)
  object space 28160K, 61% used [0x00000000c2600000,0x00000000c3703938,0x00000000c4180000)
 Metaspace       used 34502K, capacity 35986K, committed 36048K, reserved 1081344K
  class space    used 4479K, capacity 4787K, committed 4816K, reserved 1048576K
}
Event: 6.171 GC heap before
{Heap before GC invocations=12 (full 2):
 PSYoungGen      total 165376K, used 10231K [0x00000000eb780000, 0x00000000f8080000, 0x0000000100000000)
  eden space 155136K, 0% used [0x00000000eb780000,0x00000000eb780000,0x00000000f4f00000)
  from space 10240K, 99% used [0x00000000f5e00000,0x00000000f67fdcd8,0x00000000f6800000)
  to   space 15360K, 0% used [0x00000000f4f00000,0x00000000f4f00000,0x00000000f5e00000)
 ParOldGen       total 28160K, used 17422K [0x00000000c2600000, 0x00000000c4180000, 0x00000000eb780000)
  object space 28160K, 61% used [0x00000000c2600000,0x00000000c3703938,0x00000000c4180000)
 Metaspace       used 34502K, capacity 35986K, committed 36048K, reserved 1081344K
  class space    used 4479K, capacity 4787K, committed 4816K, reserved 1048576K
Event: 6.244 GC heap after
Heap after GC invocations=12 (full 2):
 PSYoungGen      total 165376K, used 0K [0x00000000eb780000, 0x00000000f8080000, 0x0000000100000000)
  eden space 155136K, 0% used [0x00000000eb780000,0x00000000eb780000,0x00000000f4f00000)
  from space 10240K, 0% used [0x00000000f5e00000,0x00000000f5e00000,0x00000000f6800000)
  to   space 15360K, 0% used [0x00000000f4f00000,0x00000000f4f00000,0x00000000f5e00000)
 ParOldGen       total 57344K, used 23585K [0x00000000c2600000, 0x00000000c5e00000, 0x00000000eb780000)
  object space 57344K, 41% used [0x00000000c2600000,0x00000000c3d08488,0x00000000c5e00000)
 Metaspace       used 34502K, capacity 35986K, committed 36048K, reserved 1081344K
  class space    used 4479K, capacity 4787K, committed 4816K, reserved 1048576K
}
Event: 8.604 GC heap before
{Heap before GC invocations=13 (full 2):
 PSYoungGen      total 165376K, used 155136K [0x00000000eb780000, 0x00000000f8080000, 0x0000000100000000)
  eden space 155136K, 100% used [0x00000000eb780000,0x00000000f4f00000,0x00000000f4f00000)
  from space 10240K, 0% used [0x00000000f5e00000,0x00000000f5e00000,0x00000000f6800000)
  to   space 15360K, 0% used [0x00000000f4f00000,0x00000000f4f00000,0x00000000f5e00000)
 ParOldGen       total 57344K, used 23585K [0x00000000c2600000, 0x00000000c5e00000, 0x00000000eb780000)
  object space 57344K, 41% used [0x00000000c2600000,0x00000000c3d08488,0x00000000c5e00000)
 Metaspace       used 42361K, capacity 44196K, committed 44496K, reserved 1087488K
  class space    used 5391K, capacity 5736K, committed 5840K, reserved 1048576K
Event: 8.618 GC heap after
Heap after GC invocations=13 (full 2):
 PSYoungGen      total 170496K, used 10668K [0x00000000eb780000, 0x00000000fa400000, 0x0000000100000000)
  eden space 155136K, 0% used [0x00000000eb780000,0x00000000eb780000,0x00000000f4f00000)
  from space 15360K, 69% used [0x00000000f4f00000,0x00000000f596b280,0x00000000f5e00000)
  to   space 15872K, 0% used [0x00000000f9480000,0x00000000f9480000,0x00000000fa400000)
 ParOldGen       total 57344K, used 23593K [0x00000000c2600000, 0x00000000c5e00000, 0x00000000eb780000)
  object space 57344K, 41% used [0x00000000c2600000,0x00000000c3d0a488,0x00000000c5e00000)
 Metaspace       used 42361K, capacity 44196K, committed 44496K, reserved 1087488K
  class space    used 5391K, capacity 5736K, committed 5840K, reserved 1048576K
}
Event: 10.721 GC heap before
{Heap before GC invocations=14 (full 2):
 PSYoungGen      total 170496K, used 165804K [0x00000000eb780000, 0x00000000fa400000, 0x0000000100000000)
  eden space 155136K, 100% used [0x00000000eb780000,0x00000000f4f00000,0x00000000f4f00000)
  from space 15360K, 69% used [0x00000000f4f00000,0x00000000f596b280,0x00000000f5e00000)
  to   space 15872K, 0% used [0x00000000f9480000,0x00000000f9480000,0x00000000fa400000)
 ParOldGen       total 57344K, used 23593K [0x00000000c2600000, 0x00000000c5e00000, 0x00000000eb780000)
  object space 57344K, 41% used [0x00000000c2600000,0x00000000c3d0a488,0x00000000c5e00000)
 Metaspace       used 56040K, capacity 58096K, committed 58448K, reserved 1099776K
  class space    used 7589K, capacity 7984K, committed 8016K, reserved 1048576K
Event: 10.741 GC heap after
Heap after GC invocations=14 (full 2):
 PSYoungGen      total 221696K, used 15866K [0x00000000eb780000, 0x00000000fa900000, 0x0000000100000000)
  eden space 205824K, 0% used [0x00000000eb780000,0x00000000eb780000,0x00000000f8080000)
  from space 15872K, 99% used [0x00000000f9480000,0x00000000fa3feae0,0x00000000fa400000)
  to   space 20480K, 0% used [0x00000000f8080000,0x00000000f8080000,0x00000000f9480000)
 ParOldGen       total 57344K, used 29065K [0x00000000c2600000, 0x00000000c5e00000, 0x00000000eb780000)
  object space 57344K, 50% used [0x00000000c2600000,0x00000000c42625d0,0x00000000c5e00000)
 Metaspace       used 56040K, capacity 58096K, committed 58448K, reserved 1099776K
  class space    used 7589K, capacity 7984K, committed 8016K, reserved 1048576K
}
Event: 11.103 GC heap before
{Heap before GC invocations=15 (full 2):
 PSYoungGen      total 221696K, used 41306K [0x00000000eb780000, 0x00000000fa900000, 0x0000000100000000)
  eden space 205824K, 12% used [0x00000000eb780000,0x00000000ed057da8,0x00000000f8080000)
  from space 15872K, 99% used [0x00000000f9480000,0x00000000fa3feae0,0x00000000fa400000)
  to   space 20480K, 0% used [0x00000000f8080000,0x00000000f8080000,0x00000000f9480000)
 ParOldGen       total 57344K, used 29065K [0x00000000c2600000, 0x00000000c5e00000, 0x00000000eb780000)
  object space 57344K, 50% used [0x00000000c2600000,0x00000000c42625d0,0x00000000c5e00000)
 Metaspace       used 57789K, capacity 59870K, committed 60080K, reserved 1101824K
  class space    used 7819K, capacity 8227K, committed 8272K, reserved 1048576K

