# JRE version: Java(TM) SE Runtime Environment (8.0_151-b12) (build 1.8.0_151-b12)
# Java VM: Java HotSpot(TM) 64-Bit Server VM (25.151-b12 mixed mode linux-amd64 compressed oops)
Heap:
 PSYoungGen      total 140288K, used 11758K [0x00000000eb780000, 0x00000000f5380000, 0x0000000100000000)
  eden space 128512K, 0% used [0x00000000eb780000,0x00000000eb780000,0x00000000f3500000)
  from space 11776K, 99% used [0x00000000f3500000,0x00000000f407b980,0x00000000f4080000)
  to   space 12288K, 0% used [0x00000000f4080000,0x00000000f4080000,0x00000000f4c80000)
 ParOldGen       total 56832K, used 20673K [0x00000000c2600000, 0x00000000c5d80000, 0x00000000eb780000)
  object space 56832K, 36% used [0x00000000c2600000,0x00000000c3a30590,0x00000000c5d80000)
 Metaspace       used 47764K, capacity 49462K, committed 49920K, reserved 1093632K
  class space    used 6223K, capacity 6535K, committed 6656K, reserved 1048576K
GC Heap History (10 events):
Event: 2.429 GC heap after
Heap after GC invocations=8 (full 1):
 PSYoungGen      total 70656K, used 4066K [0x00000000eb780000, 0x00000000f2500000, 0x0000000100000000)
  eden space 63488K, 0% used [0x00000000eb780000,0x00000000eb780000,0x00000000ef580000)
  from space 7168K, 56% used [0x00000000ef580000,0x00000000ef978af0,0x00000000efc80000)
  to   space 6656K, 0% used [0x00000000f1e80000,0x00000000f1e80000,0x00000000f2500000)
 ParOldGen       total 37376K, used 10000K [0x00000000c2600000, 0x00000000c4a80000, 0x00000000eb780000)
  object space 37376K, 26% used [0x00000000c2600000,0x00000000c2fc4218,0x00000000c4a80000)
 Metaspace       used 23778K, capacity 24486K, committed 24704K, reserved 1071104K
  class space    used 3011K, capacity 3179K, committed 3200K, reserved 1048576K
}
Event: 3.536 GC heap before
{Heap before GC invocations=9 (full 1):
 PSYoungGen      total 70656K, used 67554K [0x00000000eb780000, 0x00000000f2500000, 0x0000000100000000)
  eden space 63488K, 100% used [0x00000000eb780000,0x00000000ef580000,0x00000000ef580000)
  from space 7168K, 56% used [0x00000000ef580000,0x00000000ef978af0,0x00000000efc80000)
  to   space 6656K, 0% used [0x00000000f1e80000,0x00000000f1e80000,0x00000000f2500000)
 ParOldGen       total 37376K, used 10000K [0x00000000c2600000, 0x00000000c4a80000, 0x00000000eb780000)
  object space 37376K, 26% used [0x00000000c2600000,0x00000000c2fc4218,0x00000000c4a80000)
 Metaspace       used 29001K, capacity 30122K, committed 30336K, reserved 1075200K
  class space    used 3711K, capacity 3959K, committed 3968K, reserved 1048576K
Event: 3.553 GC heap after
Heap after GC invocations=9 (full 1):
 PSYoungGen      total 103424K, used 6641K [0x00000000eb780000, 0x00000000f2880000, 0x0000000100000000)
  eden space 96768K, 0% used [0x00000000eb780000,0x00000000eb780000,0x00000000f1600000)
  from space 6656K, 99% used [0x00000000f1e80000,0x00000000f24fc748,0x00000000f2500000)
  to   space 8704K, 0% used [0x00000000f1600000,0x00000000f1600000,0x00000000f1e80000)
 ParOldGen       total 37376K, used 12832K [0x00000000c2600000, 0x00000000c4a80000, 0x00000000eb780000)
  object space 37376K, 34% used [0x00000000c2600000,0x00000000c3288158,0x00000000c4a80000)
 Metaspace       used 29001K, capacity 30122K, committed 30336K, reserved 1075200K
  class space    used 3711K, capacity 3959K, committed 3968K, reserved 1048576K
}
Event: 4.566 GC heap before
{Heap before GC invocations=10 (full 1):
 PSYoungGen      total 103424K, used 103409K [0x00000000eb780000, 0x00000000f2880000, 0x0000000100000000)
  eden space 96768K, 100% used [0x00000000eb780000,0x00000000f1600000,0x00000000f1600000)
  from space 6656K, 99% used [0x00000000f1e80000,0x00000000f24fc748,0x00000000f2500000)
  to   space 8704K, 0% used [0x00000000f1600000,0x00000000f1600000,0x00000000f1e80000)
 ParOldGen       total 37376K, used 12832K [0x00000000c2600000, 0x00000000c4a80000, 0x00000000eb780000)
  object space 37376K, 34% used [0x00000000c2600000,0x00000000c3288158,0x00000000c4a80000)
 Metaspace       used 33355K, capacity 34812K, committed 35072K, reserved 1079296K
  class space    used 4266K, capacity 4550K, committed 4608K, reserved 1048576K
Event: 4.579 GC heap after
Heap after GC invocations=10 (full 1):
 PSYoungGen      total 105472K, used 8676K [0x00000000eb780000, 0x00000000f4c80000, 0x0000000100000000)
  eden space 96768K, 0% used [0x00000000eb780000,0x00000000eb780000,0x00000000f1600000)
  from space 8704K, 99% used [0x00000000f1600000,0x00000000f1e79368,0x00000000f1e80000)
  to   space 12288K, 0% used [0x00000000f4080000,0x00000000f4080000,0x00000000f4c80000)
 ParOldGen       total 37376K, used 18491K [0x00000000c2600000, 0x00000000c4a80000, 0x00000000eb780000)
  object space 37376K, 49% used [0x00000000c2600000,0x00000000c380efd0,0x00000000c4a80000)
 Metaspace       used 33355K, capacity 34812K, committed 35072K, reserved 1079296K
  class space    used 4266K, capacity 4550K, committed 4608K, reserved 1048576K
}
Event: 4.731 GC heap before
{Heap before GC invocations=11 (full 1):
 PSYoungGen      total 105472K, used 24908K [0x00000000eb780000, 0x00000000f4c80000, 0x0000000100000000)
  eden space 96768K, 16% used [0x00000000eb780000,0x00000000ec759f08,0x00000000f1600000)
  from space 8704K, 99% used [0x00000000f1600000,0x00000000f1e79368,0x00000000f1e80000)
  to   space 12288K, 0% used [0x00000000f4080000,0x00000000f4080000,0x00000000f4c80000)
 ParOldGen       total 37376K, used 18491K [0x00000000c2600000, 0x00000000c4a80000, 0x00000000eb780000)
  object space 37376K, 49% used [0x00000000c2600000,0x00000000c380efd0,0x00000000c4a80000)
 Metaspace       used 33895K, capacity 35376K, committed 35416K, reserved 1081344K
  class space    used 4322K, capacity 4598K, committed 4608K, reserved 1048576K
Event: 4.742 GC heap after
Heap after GC invocations=11 (full 1):
 PSYoungGen      total 140800K, used 5191K [0x00000000eb780000, 0x00000000f5380000, 0x0000000100000000)
  eden space 128512K, 0% used [0x00000000eb780000,0x00000000eb780000,0x00000000f3500000)
  from space 12288K, 42% used [0x00000000f4080000,0x00000000f4591cd8,0x00000000f4c80000)
  to   space 11776K, 0% used [0x00000000f3500000,0x00000000f3500000,0x00000000f4080000)
 ParOldGen       total 37376K, used 24164K [0x00000000c2600000, 0x00000000c4a80000, 0x00000000eb780000)
  object space 37376K, 64% used [0x00000000c2600000,0x00000000c3d99378,0x00000000c4a80000)
 Metaspace       used 33895K, capacity 35376K, committed 35416K, reserved 1081344K
  class space    used 4322K, capacity 4598K, committed 4608K, reserved 1048576K
}
Event: 4.742 GC heap before
{Heap before GC invocations=12 (full 2):
 PSYoungGen      total 140800K, used 5191K [0x00000000eb780000, 0x00000000f5380000, 0x0000000100000000)
  eden space 128512K, 0% used [0x00000000eb780000,0x00000000eb780000,0x00000000f3500000)
  from space 12288K, 42% used [0x00000000f4080000,0x00000000f4591cd8,0x00000000f4c80000)
  to   space 11776K, 0% used [0x00000000f3500000,0x00000000f3500000,0x00000000f4080000)
 ParOldGen       total 37376K, used 24164K [0x00000000c2600000, 0x00000000c4a80000, 0x00000000eb780000)
  object space 37376K, 64% used [0x00000000c2600000,0x00000000c3d99378,0x00000000c4a80000)
 Metaspace       used 33895K, capacity 35376K, committed 35416K, reserved 1081344K
  class space    used 4322K, capacity 4598K, committed 4608K, reserved 1048576K
Event: 4.797 GC heap after
Heap after GC invocations=12 (full 2):
 PSYoungGen      total 140800K, used 0K [0x00000000eb780000, 0x00000000f5380000, 0x0000000100000000)
  eden space 128512K, 0% used [0x00000000eb780000,0x00000000eb780000,0x00000000f3500000)
  from space 12288K, 0% used [0x00000000f4080000,0x00000000f4080000,0x00000000f4c80000)
  to   space 11776K, 0% used [0x00000000f3500000,0x00000000f3500000,0x00000000f4080000)
 ParOldGen       total 56832K, used 17660K [0x00000000c2600000, 0x00000000c5d80000, 0x00000000eb780000)
  object space 56832K, 31% used [0x00000000c2600000,0x00000000c373f048,0x00000000c5d80000)
 Metaspace       used 33895K, capacity 35376K, committed 35416K, reserved 1081344K
  class space    used 4322K, capacity 4598K, committed 4608K, reserved 1048576K
}
Event: 6.994 GC heap before
{Heap before GC invocations=13 (full 2):
 PSYoungGen      total 140800K, used 128512K [0x00000000eb780000, 0x00000000f5380000, 0x0000000100000000)
  eden space 128512K, 100% used [0x00000000eb780000,0x00000000f3500000,0x00000000f3500000)
  from space 12288K, 0% used [0x00000000f4080000,0x00000000f4080000,0x00000000f4c80000)
  to   space 11776K, 0% used [0x00000000f3500000,0x00000000f3500000,0x00000000f4080000)
 ParOldGen       total 56832K, used 17660K [0x00000000c2600000, 0x00000000c5d80000, 0x00000000eb780000)
  object space 56832K, 31% used [0x00000000c2600000,0x00000000c373f048,0x00000000c5d80000)
 Metaspace       used 47764K, capacity 49462K, committed 49920K, reserved 1093632K
  class space    used 6223K, capacity 6535K, committed 6656K, reserved 1048576K

