# JRE version: Java(TM) SE Runtime Environment (8.0_151-b12) (build 1.8.0_151-b12)
# Java VM: Java HotSpot(TM) 64-Bit Server VM (25.151-b12 mixed mode linux-amd64 compressed oops)
Heap:
 PSYoungGen      total 150528K, used 11764K [0x00000000eb780000, 0x00000000f5780000, 0x0000000100000000)
  eden space 138752K, 0% used [0x00000000eb780000,0x00000000eb780000,0x00000000f3f00000)
  from space 11776K, 99% used [0x00000000f3f00000,0x00000000f4a7d128,0x00000000f4a80000)
  to   space 12288K, 0% used [0x00000000f4a80000,0x00000000f4a80000,0x00000000f5680000)
 ParOldGen       total 56832K, used 22310K [0x00000000c2600000, 0x00000000c5d80000, 0x00000000eb780000)
  object space 56832K, 39% used [0x00000000c2600000,0x00000000c3bc9800,0x00000000c5d80000)
 Metaspace       used 48855K, capacity 50564K, committed 50856K, reserved 1093632K
  class space    used 6425K, capacity 6742K, committed 6824K, reserved 1048576K
GC Heap History (10 events):
Event: 3.052 GC heap after
Heap after GC invocations=8 (full 1):
 PSYoungGen      total 70656K, used 4036K [0x00000000eb780000, 0x00000000f2900000, 0x0000000100000000)
  eden space 63488K, 0% used [0x00000000eb780000,0x00000000eb780000,0x00000000ef580000)
  from space 7168K, 56% used [0x00000000ef580000,0x00000000ef9711e8,0x00000000efc80000)
  to   space 6656K, 0% used [0x00000000f2280000,0x00000000f2280000,0x00000000f2900000)
 ParOldGen       total 31744K, used 5509K [0x00000000c2600000, 0x00000000c4500000, 0x00000000eb780000)
  object space 31744K, 17% used [0x00000000c2600000,0x00000000c2b617b8,0x00000000c4500000)
 Metaspace       used 23533K, capacity 24154K, committed 24240K, reserved 1071104K
  class space    used 3006K, capacity 3179K, committed 3248K, reserved 1048576K
}
Event: 3.931 GC heap before
{Heap before GC invocations=9 (full 1):
 PSYoungGen      total 70656K, used 67524K [0x00000000eb780000, 0x00000000f2900000, 0x0000000100000000)
  eden space 63488K, 100% used [0x00000000eb780000,0x00000000ef580000,0x00000000ef580000)
  from space 7168K, 56% used [0x00000000ef580000,0x00000000ef9711e8,0x00000000efc80000)
  to   space 6656K, 0% used [0x00000000f2280000,0x00000000f2280000,0x00000000f2900000)
 ParOldGen       total 31744K, used 5509K [0x00000000c2600000, 0x00000000c4500000, 0x00000000eb780000)
  object space 31744K, 17% used [0x00000000c2600000,0x00000000c2b617b8,0x00000000c4500000)
 Metaspace       used 28540K, capacity 29578K, committed 29872K, reserved 1075200K
  class space    used 3693K, capacity 3923K, committed 4016K, reserved 1048576K
Event: 3.947 GC heap after
Heap after GC invocations=9 (full 1):
 PSYoungGen      total 107520K, used 6636K [0x00000000eb780000, 0x00000000f2b80000, 0x0000000100000000)
  eden space 100864K, 0% used [0x00000000eb780000,0x00000000eb780000,0x00000000f1a00000)
  from space 6656K, 99% used [0x00000000f2280000,0x00000000f28fb290,0x00000000f2900000)
  to   space 8704K, 0% used [0x00000000f1a00000,0x00000000f1a00000,0x00000000f2280000)
 ParOldGen       total 31744K, used 8172K [0x00000000c2600000, 0x00000000c4500000, 0x00000000eb780000)
  object space 31744K, 25% used [0x00000000c2600000,0x00000000c2dfb170,0x00000000c4500000)
 Metaspace       used 28540K, capacity 29578K, committed 29872K, reserved 1075200K
  class space    used 3693K, capacity 3923K, committed 4016K, reserved 1048576K
}
Event: 4.808 GC heap before
{Heap before GC invocations=10 (full 1):
 PSYoungGen      total 107520K, used 107500K [0x00000000eb780000, 0x00000000f2b80000, 0x0000000100000000)
  eden space 100864K, 100% used [0x00000000eb780000,0x00000000f1a00000,0x00000000f1a00000)
  from space 6656K, 99% used [0x00000000f2280000,0x00000000f28fb290,0x00000000f2900000)
  to   space 8704K, 0% used [0x00000000f1a00000,0x00000000f1a00000,0x00000000f2280000)
 ParOldGen       total 31744K, used 8172K [0x00000000c2600000, 0x00000000c4500000, 0x00000000eb780000)
  object space 31744K, 25% used [0x00000000c2600000,0x00000000c2dfb170,0x00000000c4500000)
 Metaspace       used 33046K, capacity 34484K, committed 34864K, reserved 1079296K
  class space    used 4275K, capacity 4550K, committed 4656K, reserved 1048576K
Event: 4.836 GC heap after
Heap after GC invocations=10 (full 1):
 PSYoungGen      total 109568K, used 8676K [0x00000000eb780000, 0x00000000f5680000, 0x0000000100000000)
  eden space 100864K, 0% used [0x00000000eb780000,0x00000000eb780000,0x00000000f1a00000)
  from space 8704K, 99% used [0x00000000f1a00000,0x00000000f22793a8,0x00000000f2280000)
  to   space 12288K, 0% used [0x00000000f4a80000,0x00000000f4a80000,0x00000000f5680000)
 ParOldGen       total 31744K, used 14095K [0x00000000c2600000, 0x00000000c4500000, 0x00000000eb780000)
  object space 31744K, 44% used [0x00000000c2600000,0x00000000c33c3d98,0x00000000c4500000)
 Metaspace       used 33046K, capacity 34484K, committed 34864K, reserved 1079296K
  class space    used 4275K, capacity 4550K, committed 4656K, reserved 1048576K
}
Event: 5.221 GC heap before
{Heap before GC invocations=11 (full 1):
 PSYoungGen      total 109568K, used 29271K [0x00000000eb780000, 0x00000000f5680000, 0x0000000100000000)
  eden space 100864K, 20% used [0x00000000eb780000,0x00000000ecb9cbb8,0x00000000f1a00000)
  from space 8704K, 99% used [0x00000000f1a00000,0x00000000f22793a8,0x00000000f2280000)
  to   space 12288K, 0% used [0x00000000f4a80000,0x00000000f4a80000,0x00000000f5680000)
 ParOldGen       total 31744K, used 14095K [0x00000000c2600000, 0x00000000c4500000, 0x00000000eb780000)
  object space 31744K, 44% used [0x00000000c2600000,0x00000000c33c3d98,0x00000000c4500000)
 Metaspace       used 33840K, capacity 35354K, committed 35496K, reserved 1079296K
  class space    used 4380K, capacity 4657K, committed 4776K, reserved 1048576K
Event: 5.238 GC heap after
Heap after GC invocations=11 (full 1):
 PSYoungGen      total 151040K, used 5606K [0x00000000eb780000, 0x00000000f5780000, 0x0000000100000000)
  eden space 138752K, 0% used [0x00000000eb780000,0x00000000eb780000,0x00000000f3f00000)
  from space 12288K, 45% used [0x00000000f4a80000,0x00000000f4ff9b00,0x00000000f5680000)
  to   space 11776K, 0% used [0x00000000f3f00000,0x00000000f3f00000,0x00000000f4a80000)
 ParOldGen       total 31744K, used 19440K [0x00000000c2600000, 0x00000000c4500000, 0x00000000eb780000)
  object space 31744K, 61% used [0x00000000c2600000,0x00000000c38fc130,0x00000000c4500000)
 Metaspace       used 33840K, capacity 35354K, committed 35496K, reserved 1079296K
  class space    used 4380K, capacity 4657K, committed 4776K, reserved 1048576K
}
Event: 5.239 GC heap before
{Heap before GC invocations=12 (full 2):
 PSYoungGen      total 151040K, used 5606K [0x00000000eb780000, 0x00000000f5780000, 0x0000000100000000)
  eden space 138752K, 0% used [0x00000000eb780000,0x00000000eb780000,0x00000000f3f00000)
  from space 12288K, 45% used [0x00000000f4a80000,0x00000000f4ff9b00,0x00000000f5680000)
  to   space 11776K, 0% used [0x00000000f3f00000,0x00000000f3f00000,0x00000000f4a80000)
 ParOldGen       total 31744K, used 19440K [0x00000000c2600000, 0x00000000c4500000, 0x00000000eb780000)
  object space 31744K, 61% used [0x00000000c2600000,0x00000000c38fc130,0x00000000c4500000)
 Metaspace       used 33840K, capacity 35354K, committed 35496K, reserved 1079296K
  class space    used 4380K, capacity 4657K, committed 4776K, reserved 1048576K
Event: 5.341 GC heap after
Heap after GC invocations=12 (full 2):
 PSYoungGen      total 151040K, used 0K [0x00000000eb780000, 0x00000000f5780000, 0x0000000100000000)
  eden space 138752K, 0% used [0x00000000eb780000,0x00000000eb780000,0x00000000f3f00000)
  from space 12288K, 0% used [0x00000000f4a80000,0x00000000f4a80000,0x00000000f5680000)
  to   space 11776K, 0% used [0x00000000f3f00000,0x00000000f3f00000,0x00000000f4a80000)
 ParOldGen       total 56832K, used 18005K [0x00000000c2600000, 0x00000000c5d80000, 0x00000000eb780000)
  object space 56832K, 31% used [0x00000000c2600000,0x00000000c3795750,0x00000000c5d80000)
 Metaspace       used 33840K, capacity 35354K, committed 35496K, reserved 1079296K
  class space    used 4380K, capacity 4657K, committed 4776K, reserved 1048576K
}
Event: 7.912 GC heap before
{Heap before GC invocations=13 (full 2):
 PSYoungGen      total 151040K, used 138752K [0x00000000eb780000, 0x00000000f5780000, 0x0000000100000000)
  eden space 138752K, 100% used [0x00000000eb780000,0x00000000f3f00000,0x00000000f3f00000)
  from space 12288K, 0% used [0x00000000f4a80000,0x00000000f4a80000,0x00000000f5680000)
  to   space 11776K, 0% used [0x00000000f3f00000,0x00000000f3f00000,0x00000000f4a80000)
 ParOldGen       total 56832K, used 18005K [0x00000000c2600000, 0x00000000c5d80000, 0x00000000eb780000)
  object space 56832K, 31% used [0x00000000c2600000,0x00000000c3795750,0x00000000c5d80000)
 Metaspace       used 48855K, capacity 50564K, committed 50856K, reserved 1093632K
  class space    used 6425K, capacity 6742K, committed 6824K, reserved 1048576K

