# JRE version: Java(TM) SE Runtime Environment (8.0_151-b12) (build 1.8.0_151-b12)
# Java VM: Java HotSpot(TM) 64-Bit Server VM (25.151-b12 mixed mode linux-amd64 compressed oops)
Heap:
 PSYoungGen      total 251392K, used 84431K [0x00000000eb780000, 0x00000000fc200000, 0x0000000100000000)
  eden space 233984K, 29% used [0x00000000eb780000,0x00000000efad34c8,0x00000000f9c00000)
  from space 17408K, 88% used [0x00000000fb100000,0x00000000fc020a50,0x00000000fc200000)
  to   space 19456K, 0% used [0x00000000f9c00000,0x00000000f9c00000,0x00000000faf00000)
 ParOldGen       total 81920K, used 32250K [0x00000000c2600000, 0x00000000c7600000, 0x00000000eb780000)
  object space 81920K, 39% used [0x00000000c2600000,0x00000000c457e948,0x00000000c7600000)
 Metaspace       used 73296K, capacity 76390K, committed 76568K, reserved 1116160K
  class space    used 9846K, capacity 10399K, committed 10520K, reserved 1048576K
GC Heap History (10 events):
Event: 6.629 GC heap before
{Heap before GC invocations=13 (full 2):
 PSYoungGen      total 150528K, used 138752K [0x00000000eb780000, 0x00000000f5f80000, 0x0000000100000000)
  eden space 138752K, 100% used [0x00000000eb780000,0x00000000f3f00000,0x00000000f3f00000)
  from space 11776K, 0% used [0x00000000f4d80000,0x00000000f4d80000,0x00000000f5900000)
  to   space 14848K, 0% used [0x00000000f3f00000,0x00000000f3f00000,0x00000000f4d80000)
 ParOldGen       total 58368K, used 20863K [0x00000000c2600000, 0x00000000c5f00000, 0x00000000eb780000)
  object space 58368K, 35% used [0x00000000c2600000,0x00000000c3a5fd38,0x00000000c5f00000)
 Metaspace       used 37723K, capacity 39574K, committed 39592K, reserved 1083392K
  class space    used 4931K, capacity 5275K, committed 5288K, reserved 1048576K
Event: 6.647 GC heap after
Heap after GC invocations=13 (full 2):
 PSYoungGen      total 153600K, used 7544K [0x00000000eb780000, 0x00000000f8880000, 0x0000000100000000)
  eden space 138752K, 0% used [0x00000000eb780000,0x00000000eb780000,0x00000000f3f00000)
  from space 14848K, 50% used [0x00000000f3f00000,0x00000000f465e140,0x00000000f4d80000)
  to   space 14336K, 0% used [0x00000000f7a80000,0x00000000f7a80000,0x00000000f8880000)
 ParOldGen       total 58368K, used 20871K [0x00000000c2600000, 0x00000000c5f00000, 0x00000000eb780000)
  object space 58368K, 35% used [0x00000000c2600000,0x00000000c3a61d38,0x00000000c5f00000)
 Metaspace       used 37723K, capacity 39574K, committed 39592K, reserved 1083392K
  class space    used 4931K, capacity 5275K, committed 5288K, reserved 1048576K
}
Event: 8.811 GC heap before
{Heap before GC invocations=14 (full 2):
 PSYoungGen      total 153600K, used 146296K [0x00000000eb780000, 0x00000000f8880000, 0x0000000100000000)
  eden space 138752K, 100% used [0x00000000eb780000,0x00000000f3f00000,0x00000000f3f00000)
  from space 14848K, 50% used [0x00000000f3f00000,0x00000000f465e140,0x00000000f4d80000)
  to   space 14336K, 0% used [0x00000000f7a80000,0x00000000f7a80000,0x00000000f8880000)
 ParOldGen       total 58368K, used 20871K [0x00000000c2600000, 0x00000000c5f00000, 0x00000000eb780000)
  object space 58368K, 35% used [0x00000000c2600000,0x00000000c3a61d38,0x00000000c5f00000)
 Metaspace       used 52325K, capacity 54318K, committed 54696K, reserved 1097728K
  class space    used 6950K, capacity 7315K, committed 7336K, reserved 1048576K
Event: 8.836 GC heap after
Heap after GC invocations=14 (full 2):
 PSYoungGen      total 195584K, used 14313K [0x00000000eb780000, 0x00000000f8e00000, 0x0000000100000000)
  eden space 181248K, 0% used [0x00000000eb780000,0x00000000eb780000,0x00000000f6880000)
  from space 14336K, 99% used [0x00000000f7a80000,0x00000000f887a7c8,0x00000000f8880000)
  to   space 18432K, 0% used [0x00000000f6880000,0x00000000f6880000,0x00000000f7a80000)
 ParOldGen       total 58368K, used 25839K [0x00000000c2600000, 0x00000000c5f00000, 0x00000000eb780000)
  object space 58368K, 44% used [0x00000000c2600000,0x00000000c3f3bcc8,0x00000000c5f00000)
 Metaspace       used 52325K, capacity 54318K, committed 54696K, reserved 1097728K
  class space    used 6950K, capacity 7315K, committed 7336K, reserved 1048576K
}
Event: 9.661 GC heap before
{Heap before GC invocations=15 (full 2):
 PSYoungGen      total 195584K, used 70030K [0x00000000eb780000, 0x00000000f8e00000, 0x0000000100000000)
  eden space 181248K, 30% used [0x00000000eb780000,0x00000000eede9248,0x00000000f6880000)
  from space 14336K, 99% used [0x00000000f7a80000,0x00000000f887a7c8,0x00000000f8880000)
  to   space 18432K, 0% used [0x00000000f6880000,0x00000000f6880000,0x00000000f7a80000)
 ParOldGen       total 58368K, used 25839K [0x00000000c2600000, 0x00000000c5f00000, 0x00000000eb780000)
  object space 58368K, 44% used [0x00000000c2600000,0x00000000c3f3bcc8,0x00000000c5f00000)
 Metaspace       used 56901K, capacity 58888K, committed 59160K, reserved 1099776K
  class space    used 7731K, capacity 8118K, committed 8216K, reserved 1048576K
Event: 9.678 GC heap after
Heap after GC invocations=15 (full 2):
 PSYoungGen      total 199680K, used 5018K [0x00000000eb780000, 0x00000000fc280000, 0x0000000100000000)
  eden space 181248K, 0% used [0x00000000eb780000,0x00000000eb780000,0x00000000f6880000)
  from space 18432K, 27% used [0x00000000f6880000,0x00000000f6d66888,0x00000000f7a80000)
  to   space 17920K, 0% used [0x00000000fb100000,0x00000000fb100000,0x00000000fc280000)
 ParOldGen       total 58368K, used 31521K [0x00000000c2600000, 0x00000000c5f00000, 0x00000000eb780000)
  object space 58368K, 54% used [0x00000000c2600000,0x00000000c44c8438,0x00000000c5f00000)
 Metaspace       used 56901K, capacity 58888K, committed 59160K, reserved 1099776K
  class space    used 7731K, capacity 8118K, committed 8216K, reserved 1048576K
}
Event: 9.678 GC heap before
{Heap before GC invocations=16 (full 3):
 PSYoungGen      total 199680K, used 5018K [0x00000000eb780000, 0x00000000fc280000, 0x0000000100000000)
  eden space 181248K, 0% used [0x00000000eb780000,0x00000000eb780000,0x00000000f6880000)
  from space 18432K, 27% used [0x00000000f6880000,0x00000000f6d66888,0x00000000f7a80000)
  to   space 17920K, 0% used [0x00000000fb100000,0x00000000fb100000,0x00000000fc280000)
 ParOldGen       total 58368K, used 31521K [0x00000000c2600000, 0x00000000c5f00000, 0x00000000eb780000)
  object space 58368K, 54% used [0x00000000c2600000,0x00000000c44c8438,0x00000000c5f00000)
 Metaspace       used 56901K, capacity 58888K, committed 59160K, reserved 1099776K
  class space    used 7731K, capacity 8118K, committed 8216K, reserved 1048576K
Event: 9.831 GC heap after
Heap after GC invocations=16 (full 3):
 PSYoungGen      total 199680K, used 0K [0x00000000eb780000, 0x00000000fc280000, 0x0000000100000000)
  eden space 181248K, 0% used [0x00000000eb780000,0x00000000eb780000,0x00000000f6880000)
  from space 18432K, 0% used [0x00000000f6880000,0x00000000f6880000,0x00000000f7a80000)
  to   space 17920K, 0% used [0x00000000fb100000,0x00000000fb100000,0x00000000fc280000)
 ParOldGen       total 81920K, used 32242K [0x00000000c2600000, 0x00000000c7600000, 0x00000000eb780000)
  object space 81920K, 39% used [0x00000000c2600000,0x00000000c457c948,0x00000000c7600000)
 Metaspace       used 56901K, capacity 58888K, committed 59160K, reserved 1099776K
  class space    used 7731K, capacity 8118K, committed 8216K, reserved 1048576K
}
Event: 12.853 GC heap before
{Heap before GC invocations=17 (full 3):
 PSYoungGen      total 199680K, used 181248K [0x00000000eb780000, 0x00000000fc280000, 0x0000000100000000)
  eden space 181248K, 100% used [0x00000000eb780000,0x00000000f6880000,0x00000000f6880000)
  from space 18432K, 0% used [0x00000000f6880000,0x00000000f6880000,0x00000000f7a80000)
  to   space 17920K, 0% used [0x00000000fb100000,0x00000000fb100000,0x00000000fc280000)
 ParOldGen       total 81920K, used 32242K [0x00000000c2600000, 0x00000000c7600000, 0x00000000eb780000)
  object space 81920K, 39% used [0x00000000c2600000,0x00000000c457c948,0x00000000c7600000)
 Metaspace       used 66838K, capacity 69714K, committed 69912K, reserved 1110016K
  class space    used 9114K, capacity 9637K, committed 9752K, reserved 1048576K
Event: 12.957 GC heap after
Heap after GC invocations=17 (full 3):
 PSYoungGen      total 251392K, used 15490K [0x00000000eb780000, 0x00000000fc200000, 0x0000000100000000)
  eden space 233984K, 0% used [0x00000000eb780000,0x00000000eb780000,0x00000000f9c00000)
  from space 17408K, 88% used [0x00000000fb100000,0x00000000fc020a50,0x00000000fc200000)
  to   space 19456K, 0% used [0x00000000f9c00000,0x00000000f9c00000,0x00000000faf00000)
 ParOldGen       total 81920K, used 32250K [0x00000000c2600000, 0x00000000c7600000, 0x00000000eb780000)
  object space 81920K, 39% used [0x00000000c2600000,0x00000000c457e948,0x00000000c7600000)
 Metaspace       used 66838K, capacity 69714K, committed 69912K, reserved 1110016K
  class space    used 9114K, capacity 9637K, committed 9752K, reserved 1048576K
}

