# JRE version: Java(TM) SE Runtime Environment (8.0_151-b12) (build 1.8.0_151-b12)
# Java VM: Java HotSpot(TM) 64-Bit Server VM (25.151-b12 mixed mode linux-amd64 compressed oops)
Heap:
 PSYoungGen      total 111616K, used 8682K [0x00000000eb780000, 0x00000000f2d00000, 0x0000000100000000)
  eden space 102912K, 0% used [0x00000000eb780000,0x00000000eb780000,0x00000000f1c00000)
  from space 8704K, 99% used [0x00000000f1c00000,0x00000000f247aaf8,0x00000000f2480000)
  to   space 6656K, 0% used [0x00000000f2500000,0x00000000f2500000,0x00000000f2b80000)
 ParOldGen       total 35328K, used 19185K [0x00000000c2600000, 0x00000000c4880000, 0x00000000eb780000)
  object space 35328K, 54% used [0x00000000c2600000,0x00000000c38bc6b8,0x00000000c4880000)
 Metaspace       used 33981K, capacity 35362K, committed 35496K, reserved 1081344K
  class space    used 4331K, capacity 4595K, committed 4656K, reserved 1048576K
GC Heap History (10 events):
Event: 2.411 GC heap after
Heap after GC invocations=5 (full 0):
 PSYoungGen      total 34304K, used 2544K [0x00000000eb780000, 0x00000000f0380000, 0x0000000100000000)
  eden space 31744K, 0% used [0x00000000eb780000,0x00000000eb780000,0x00000000ed680000)
  from space 2560K, 99% used [0x00000000ed680000,0x00000000ed8fc010,0x00000000ed900000)
  to   space 7168K, 0% used [0x00000000efc80000,0x00000000efc80000,0x00000000f0380000)
 ParOldGen       total 42496K, used 10065K [0x00000000c2600000, 0x00000000c4f80000, 0x00000000eb780000)
  object space 42496K, 23% used [0x00000000c2600000,0x00000000c2fd46a8,0x00000000c4f80000)
 Metaspace       used 19043K, capacity 19538K, committed 19840K, reserved 1067008K
  class space    used 2424K, capacity 2589K, committed 2688K, reserved 1048576K
}
Event: 2.652 GC heap before
{Heap before GC invocations=6 (full 0):
 PSYoungGen      total 34304K, used 17792K [0x00000000eb780000, 0x00000000f0380000, 0x0000000100000000)
  eden space 31744K, 48% used [0x00000000eb780000,0x00000000ec6640b8,0x00000000ed680000)
  from space 2560K, 99% used [0x00000000ed680000,0x00000000ed8fc010,0x00000000ed900000)
  to   space 7168K, 0% used [0x00000000efc80000,0x00000000efc80000,0x00000000f0380000)
 ParOldGen       total 42496K, used 10065K [0x00000000c2600000, 0x00000000c4f80000, 0x00000000eb780000)
  object space 42496K, 23% used [0x00000000c2600000,0x00000000c2fd46a8,0x00000000c4f80000)
 Metaspace       used 20632K, capacity 21192K, committed 21296K, reserved 1067008K
  class space    used 2662K, capacity 2824K, committed 2864K, reserved 1048576K
Event: 2.676 GC heap after
Heap after GC invocations=6 (full 0):
 PSYoungGen      total 70656K, used 4807K [0x00000000eb780000, 0x00000000f0380000, 0x0000000100000000)
  eden space 63488K, 0% used [0x00000000eb780000,0x00000000eb780000,0x00000000ef580000)
  from space 7168K, 67% used [0x00000000efc80000,0x00000000f0131f70,0x00000000f0380000)
  to   space 7168K, 0% used [0x00000000ef580000,0x00000000ef580000,0x00000000efc80000)
 ParOldGen       total 42496K, used 10073K [0x00000000c2600000, 0x00000000c4f80000, 0x00000000eb780000)
  object space 42496K, 23% used [0x00000000c2600000,0x00000000c2fd66a8,0x00000000c4f80000)
 Metaspace       used 20632K, capacity 21192K, committed 21296K, reserved 1067008K
  class space    used 2662K, capacity 2824K, committed 2864K, reserved 1048576K
}
Event: 2.676 GC heap before
{Heap before GC invocations=7 (full 1):
 PSYoungGen      total 70656K, used 4807K [0x00000000eb780000, 0x00000000f0380000, 0x0000000100000000)
  eden space 63488K, 0% used [0x00000000eb780000,0x00000000eb780000,0x00000000ef580000)
  from space 7168K, 67% used [0x00000000efc80000,0x00000000f0131f70,0x00000000f0380000)
  to   space 7168K, 0% used [0x00000000ef580000,0x00000000ef580000,0x00000000efc80000)
 ParOldGen       total 42496K, used 10073K [0x00000000c2600000, 0x00000000c4f80000, 0x00000000eb780000)
  object space 42496K, 23% used [0x00000000c2600000,0x00000000c2fd66a8,0x00000000c4f80000)
 Metaspace       used 20632K, capacity 21192K, committed 21296K, reserved 1067008K
  class space    used 2662K, capacity 2824K, committed 2864K, reserved 1048576K
Event: 2.727 GC heap after
Heap after GC invocations=7 (full 1):
 PSYoungGen      total 70656K, used 0K [0x00000000eb780000, 0x00000000f0380000, 0x0000000100000000)
  eden space 63488K, 0% used [0x00000000eb780000,0x00000000eb780000,0x00000000ef580000)
  from space 7168K, 0% used [0x00000000efc80000,0x00000000efc80000,0x00000000f0380000)
  to   space 7168K, 0% used [0x00000000ef580000,0x00000000ef580000,0x00000000efc80000)
 ParOldGen       total 35328K, used 9963K [0x00000000c2600000, 0x00000000c4880000, 0x00000000eb780000)
  object space 35328K, 28% used [0x00000000c2600000,0x00000000c2fbacd0,0x00000000c4880000)
 Metaspace       used 20632K, capacity 21192K, committed 21296K, reserved 1067008K
  class space    used 2662K, capacity 2824K, committed 2864K, reserved 1048576K
}
Event: 3.563 GC heap before
{Heap before GC invocations=8 (full 1):
 PSYoungGen      total 70656K, used 63488K [0x00000000eb780000, 0x00000000f0380000, 0x0000000100000000)
  eden space 63488K, 100% used [0x00000000eb780000,0x00000000ef580000,0x00000000ef580000)
  from space 7168K, 0% used [0x00000000efc80000,0x00000000efc80000,0x00000000f0380000)
  to   space 7168K, 0% used [0x00000000ef580000,0x00000000ef580000,0x00000000efc80000)
 ParOldGen       total 35328K, used 9963K [0x00000000c2600000, 0x00000000c4880000, 0x00000000eb780000)
  object space 35328K, 28% used [0x00000000c2600000,0x00000000c2fbacd0,0x00000000c4880000)
 Metaspace       used 23536K, capacity 24194K, committed 24496K, reserved 1071104K
  class space    used 3012K, capacity 3189K, committed 3248K, reserved 1048576K
Event: 3.568 GC heap after
Heap after GC invocations=8 (full 1):
 PSYoungGen      total 70656K, used 4123K [0x00000000eb780000, 0x00000000f2b80000, 0x0000000100000000)
  eden space 63488K, 0% used [0x00000000eb780000,0x00000000eb780000,0x00000000ef580000)
  from space 7168K, 57% used [0x00000000ef580000,0x00000000ef986ec0,0x00000000efc80000)
  to   space 6656K, 0% used [0x00000000f2500000,0x00000000f2500000,0x00000000f2b80000)
 ParOldGen       total 35328K, used 10035K [0x00000000c2600000, 0x00000000c4880000, 0x00000000eb780000)
  object space 35328K, 28% used [0x00000000c2600000,0x00000000c2fccce0,0x00000000c4880000)
 Metaspace       used 23536K, capacity 24194K, committed 24496K, reserved 1071104K
  class space    used 3012K, capacity 3189K, committed 3248K, reserved 1048576K
}
Event: 5.455 GC heap before
{Heap before GC invocations=9 (full 1):
 PSYoungGen      total 70656K, used 67611K [0x00000000eb780000, 0x00000000f2b80000, 0x0000000100000000)
  eden space 63488K, 100% used [0x00000000eb780000,0x00000000ef580000,0x00000000ef580000)
  from space 7168K, 57% used [0x00000000ef580000,0x00000000ef986ec0,0x00000000efc80000)
  to   space 6656K, 0% used [0x00000000f2500000,0x00000000f2500000,0x00000000f2b80000)
 ParOldGen       total 35328K, used 10035K [0x00000000c2600000, 0x00000000c4880000, 0x00000000eb780000)
  object space 35328K, 28% used [0x00000000c2600000,0x00000000c2fccce0,0x00000000c4880000)
 Metaspace       used 29232K, capacity 30558K, committed 30768K, reserved 1075200K
  class space    used 3785K, capacity 4067K, committed 4144K, reserved 1048576K
Event: 5.479 GC heap after
Heap after GC invocations=9 (full 1):
 PSYoungGen      total 109568K, used 6654K [0x00000000eb780000, 0x00000000f2d00000, 0x0000000100000000)
  eden space 102912K, 0% used [0x00000000eb780000,0x00000000eb780000,0x00000000f1c00000)
  from space 6656K, 99% used [0x00000000f2500000,0x00000000f2b7fb20,0x00000000f2b80000)
  to   space 8704K, 0% used [0x00000000f1c00000,0x00000000f1c00000,0x00000000f2480000)
 ParOldGen       total 35328K, used 13153K [0x00000000c2600000, 0x00000000c4880000, 0x00000000eb780000)
  object space 35328K, 37% used [0x00000000c2600000,0x00000000c32d8788,0x00000000c4880000)
 Metaspace       used 29232K, capacity 30558K, committed 30768K, reserved 1075200K
  class space    used 3785K, capacity 4067K, committed 4144K, reserved 1048576K
}
Event: 6.771 GC heap before
{Heap before GC invocations=10 (full 1):
 PSYoungGen      total 109568K, used 86922K [0x00000000eb780000, 0x00000000f2d00000, 0x0000000100000000)
  eden space 102912K, 77% used [0x00000000eb780000,0x00000000f05e2f20,0x00000000f1c00000)
  from space 6656K, 99% used [0x00000000f2500000,0x00000000f2b7fb20,0x00000000f2b80000)
  to   space 8704K, 0% used [0x00000000f1c00000,0x00000000f1c00000,0x00000000f2480000)
 ParOldGen       total 35328K, used 13153K [0x00000000c2600000, 0x00000000c4880000, 0x00000000eb780000)
  object space 35328K, 37% used [0x00000000c2600000,0x00000000c32d8788,0x00000000c4880000)
 Metaspace       used 33981K, capacity 35362K, committed 35496K, reserved 1081344K
  class space    used 4331K, capacity 4595K, committed 4656K, reserved 1048576K

