# JRE version: Java(TM) SE Runtime Environment (8.0_151-b12) (build 1.8.0_151-b12)
# Java VM: Java HotSpot(TM) 64-Bit Server VM (25.151-b12 mixed mode linux-amd64 compressed oops)
Heap:
 PSYoungGen      total 147968K, used 12286K [0x00000000eb780000, 0x00000000f5780000, 0x0000000100000000)
  eden space 135680K, 0% used [0x00000000eb780000,0x00000000eb780000,0x00000000f3c00000)
  from space 12288K, 99% used [0x00000000f3c00000,0x00000000f47ff860,0x00000000f4800000)
  to   space 12288K, 0% used [0x00000000f4800000,0x00000000f4800000,0x00000000f5400000)
 ParOldGen       total 56832K, used 20562K [0x00000000c2600000, 0x00000000c5d80000, 0x00000000eb780000)
  object space 56832K, 36% used [0x00000000c2600000,0x00000000c3a149c0,0x00000000c5d80000)
 Metaspace       used 47885K, capacity 49434K, committed 49880K, reserved 1093632K
  class space    used 6264K, capacity 6565K, committed 6616K, reserved 1048576K
GC Heap History (10 events):
Event: 3.130 GC heap after
Heap after GC invocations=8 (full 1):
 PSYoungGen      total 70656K, used 3990K [0x00000000eb780000, 0x00000000f2880000, 0x0000000100000000)
  eden space 63488K, 0% used [0x00000000eb780000,0x00000000eb780000,0x00000000ef580000)
  from space 7168K, 55% used [0x00000000ef580000,0x00000000ef965a08,0x00000000efc80000)
  to   space 6656K, 0% used [0x00000000f2200000,0x00000000f2200000,0x00000000f2880000)
 ParOldGen       total 36864K, used 10156K [0x00000000c2600000, 0x00000000c4a00000, 0x00000000eb780000)
  object space 36864K, 27% used [0x00000000c2600000,0x00000000c2feb348,0x00000000c4a00000)
 Metaspace       used 23538K, capacity 24242K, committed 24448K, reserved 1071104K
  class space    used 3012K, capacity 3189K, committed 3200K, reserved 1048576K
}
Event: 4.361 GC heap before
{Heap before GC invocations=9 (full 1):
 PSYoungGen      total 70656K, used 67478K [0x00000000eb780000, 0x00000000f2880000, 0x0000000100000000)
  eden space 63488K, 100% used [0x00000000eb780000,0x00000000ef580000,0x00000000ef580000)
  from space 7168K, 55% used [0x00000000ef580000,0x00000000ef965a08,0x00000000efc80000)
  to   space 6656K, 0% used [0x00000000f2200000,0x00000000f2200000,0x00000000f2880000)
 ParOldGen       total 36864K, used 10156K [0x00000000c2600000, 0x00000000c4a00000, 0x00000000eb780000)
  object space 36864K, 27% used [0x00000000c2600000,0x00000000c2feb348,0x00000000c4a00000)
 Metaspace       used 29145K, capacity 30442K, committed 30720K, reserved 1075200K
  class space    used 3771K, capacity 4035K, committed 4096K, reserved 1048576K
Event: 4.380 GC heap after
Heap after GC invocations=9 (full 1):
 PSYoungGen      total 107008K, used 6643K [0x00000000eb780000, 0x00000000f2b80000, 0x0000000100000000)
  eden space 100352K, 0% used [0x00000000eb780000,0x00000000eb780000,0x00000000f1980000)
  from space 6656K, 99% used [0x00000000f2200000,0x00000000f287ced8,0x00000000f2880000)
  to   space 8704K, 0% used [0x00000000f1980000,0x00000000f1980000,0x00000000f2200000)
 ParOldGen       total 36864K, used 13206K [0x00000000c2600000, 0x00000000c4a00000, 0x00000000eb780000)
  object space 36864K, 35% used [0x00000000c2600000,0x00000000c32e5ba8,0x00000000c4a00000)
 Metaspace       used 29145K, capacity 30442K, committed 30720K, reserved 1075200K
  class space    used 3771K, capacity 4035K, committed 4096K, reserved 1048576K
}
Event: 5.464 GC heap before
{Heap before GC invocations=10 (full 1):
 PSYoungGen      total 107008K, used 106995K [0x00000000eb780000, 0x00000000f2b80000, 0x0000000100000000)
  eden space 100352K, 100% used [0x00000000eb780000,0x00000000f1980000,0x00000000f1980000)
  from space 6656K, 99% used [0x00000000f2200000,0x00000000f287ced8,0x00000000f2880000)
  to   space 8704K, 0% used [0x00000000f1980000,0x00000000f1980000,0x00000000f2200000)
 ParOldGen       total 36864K, used 13206K [0x00000000c2600000, 0x00000000c4a00000, 0x00000000eb780000)
  object space 36864K, 35% used [0x00000000c2600000,0x00000000c32e5ba8,0x00000000c4a00000)
 Metaspace       used 32827K, capacity 34168K, committed 34176K, reserved 1079296K
  class space    used 4199K, capacity 4480K, committed 4480K, reserved 1048576K
Event: 5.484 GC heap after
Heap after GC invocations=10 (full 1):
 PSYoungGen      total 109056K, used 8676K [0x00000000eb780000, 0x00000000f5400000, 0x0000000100000000)
  eden space 100352K, 0% used [0x00000000eb780000,0x00000000eb780000,0x00000000f1980000)
  from space 8704K, 99% used [0x00000000f1980000,0x00000000f21f9388,0x00000000f2200000)
  to   space 12288K, 0% used [0x00000000f4800000,0x00000000f4800000,0x00000000f5400000)
 ParOldGen       total 36864K, used 19837K [0x00000000c2600000, 0x00000000c4a00000, 0x00000000eb780000)
  object space 36864K, 53% used [0x00000000c2600000,0x00000000c395f540,0x00000000c4a00000)
 Metaspace       used 32827K, capacity 34168K, committed 34176K, reserved 1079296K
  class space    used 4199K, capacity 4480K, committed 4480K, reserved 1048576K
}
Event: 5.948 GC heap before
{Heap before GC invocations=11 (full 1):
 PSYoungGen      total 109056K, used 25550K [0x00000000eb780000, 0x00000000f5400000, 0x0000000100000000)
  eden space 100352K, 16% used [0x00000000eb780000,0x00000000ec7fa7b8,0x00000000f1980000)
  from space 8704K, 99% used [0x00000000f1980000,0x00000000f21f9388,0x00000000f2200000)
  to   space 12288K, 0% used [0x00000000f4800000,0x00000000f4800000,0x00000000f5400000)
 ParOldGen       total 36864K, used 19837K [0x00000000c2600000, 0x00000000c4a00000, 0x00000000eb780000)
  object space 36864K, 53% used [0x00000000c2600000,0x00000000c395f540,0x00000000c4a00000)
 Metaspace       used 33890K, capacity 35280K, committed 35416K, reserved 1079296K
  class space    used 4345K, capacity 4616K, committed 4696K, reserved 1048576K
Event: 5.967 GC heap after
Heap after GC invocations=11 (full 1):
 PSYoungGen      total 147968K, used 4094K [0x00000000eb780000, 0x00000000f5780000, 0x0000000100000000)
  eden space 135680K, 0% used [0x00000000eb780000,0x00000000eb780000,0x00000000f3c00000)
  from space 12288K, 33% used [0x00000000f4800000,0x00000000f4bff958,0x00000000f5400000)
  to   space 12288K, 0% used [0x00000000f3c00000,0x00000000f3c00000,0x00000000f4800000)
 ParOldGen       total 36864K, used 25698K [0x00000000c2600000, 0x00000000c4a00000, 0x00000000eb780000)
  object space 36864K, 69% used [0x00000000c2600000,0x00000000c3f188f8,0x00000000c4a00000)
 Metaspace       used 33890K, capacity 35280K, committed 35416K, reserved 1079296K
  class space    used 4345K, capacity 4616K, committed 4696K, reserved 1048576K
}
Event: 5.967 GC heap before
{Heap before GC invocations=12 (full 2):
 PSYoungGen      total 147968K, used 4094K [0x00000000eb780000, 0x00000000f5780000, 0x0000000100000000)
  eden space 135680K, 0% used [0x00000000eb780000,0x00000000eb780000,0x00000000f3c00000)
  from space 12288K, 33% used [0x00000000f4800000,0x00000000f4bff958,0x00000000f5400000)
  to   space 12288K, 0% used [0x00000000f3c00000,0x00000000f3c00000,0x00000000f4800000)
 ParOldGen       total 36864K, used 25698K [0x00000000c2600000, 0x00000000c4a00000, 0x00000000eb780000)
  object space 36864K, 69% used [0x00000000c2600000,0x00000000c3f188f8,0x00000000c4a00000)
 Metaspace       used 33890K, capacity 35280K, committed 35416K, reserved 1079296K
  class space    used 4345K, capacity 4616K, committed 4696K, reserved 1048576K
Event: 6.042 GC heap after
Heap after GC invocations=12 (full 2):
 PSYoungGen      total 147968K, used 0K [0x00000000eb780000, 0x00000000f5780000, 0x0000000100000000)
  eden space 135680K, 0% used [0x00000000eb780000,0x00000000eb780000,0x00000000f3c00000)
  from space 12288K, 0% used [0x00000000f4800000,0x00000000f4800000,0x00000000f5400000)
  to   space 12288K, 0% used [0x00000000f3c00000,0x00000000f3c00000,0x00000000f4800000)
 ParOldGen       total 56832K, used 17248K [0x00000000c2600000, 0x00000000c5d80000, 0x00000000eb780000)
  object space 56832K, 30% used [0x00000000c2600000,0x00000000c36d80a0,0x00000000c5d80000)
 Metaspace       used 33890K, capacity 35280K, committed 35416K, reserved 1079296K
  class space    used 4345K, capacity 4616K, committed 4696K, reserved 1048576K
}
Event: 8.861 GC heap before
{Heap before GC invocations=13 (full 2):
 PSYoungGen      total 147968K, used 135680K [0x00000000eb780000, 0x00000000f5780000, 0x0000000100000000)
  eden space 135680K, 100% used [0x00000000eb780000,0x00000000f3c00000,0x00000000f3c00000)
  from space 12288K, 0% used [0x00000000f4800000,0x00000000f4800000,0x00000000f5400000)
  to   space 12288K, 0% used [0x00000000f3c00000,0x00000000f3c00000,0x00000000f4800000)
 ParOldGen       total 56832K, used 17248K [0x00000000c2600000, 0x00000000c5d80000, 0x00000000eb780000)
  object space 56832K, 30% used [0x00000000c2600000,0x00000000c36d80a0,0x00000000c5d80000)
 Metaspace       used 47885K, capacity 49434K, committed 49880K, reserved 1093632K
  class space    used 6264K, capacity 6565K, committed 6616K, reserved 1048576K

