# JRE version: Java(TM) SE Runtime Environment (8.0_151-b12) (build 1.8.0_151-b12)
# Java VM: Java HotSpot(TM) 64-Bit Server VM (25.151-b12 mixed mode linux-amd64 compressed oops)
Heap:
 PSYoungGen      total 187392K, used 170449K [0x00000000eb780000, 0x00000000f7f00000, 0x0000000100000000)
  eden space 176128K, 96% used [0x00000000eb780000,0x00000000f5df46b8,0x00000000f6380000)
  from space 11264K, 0% used [0x00000000f6f00000,0x00000000f6f00000,0x00000000f7a00000)
  to   space 11776K, 0% used [0x00000000f6380000,0x00000000f6380000,0x00000000f6f00000)
 ParOldGen       total 47104K, used 19059K [0x00000000c2600000, 0x00000000c5400000, 0x00000000eb780000)
  object space 47104K, 40% used [0x00000000c2600000,0x00000000c389cc70,0x00000000c5400000)
 Metaspace       used 49614K, capacity 51238K, committed 51376K, reserved 1093632K
  class space    used 6498K, capacity 6817K, committed 6832K, reserved 1048576K
GC Heap History (10 events):
Event: 2.070 GC heap before
{Heap before GC invocations=8 (full 1):
 PSYoungGen      total 68608K, used 3980K [0x00000000eb780000, 0x00000000f3c80000, 0x0000000100000000)
  eden space 61440K, 0% used [0x00000000eb780000,0x00000000eb780000,0x00000000ef380000)
  from space 7168K, 55% used [0x00000000ef380000,0x00000000ef7631e8,0x00000000efa80000)
  to   space 6656K, 0% used [0x00000000f3600000,0x00000000f3600000,0x00000000f3c80000)
 ParOldGen       total 42496K, used 9230K [0x00000000c2600000, 0x00000000c4f80000, 0x00000000eb780000)
  object space 42496K, 21% used [0x00000000c2600000,0x00000000c2f03b78,0x00000000c4f80000)
 Metaspace       used 20749K, capacity 21258K, committed 21296K, reserved 1067008K
  class space    used 2678K, capacity 2827K, committed 2864K, reserved 1048576K
Event: 2.093 GC heap after
Heap after GC invocations=8 (full 1):
 PSYoungGen      total 68608K, used 0K [0x00000000eb780000, 0x00000000f3c80000, 0x0000000100000000)
  eden space 61440K, 0% used [0x00000000eb780000,0x00000000eb780000,0x00000000ef380000)
  from space 7168K, 0% used [0x00000000ef380000,0x00000000ef380000,0x00000000efa80000)
  to   space 6656K, 0% used [0x00000000f3600000,0x00000000f3600000,0x00000000f3c80000)
 ParOldGen       total 27648K, used 7269K [0x00000000c2600000, 0x00000000c4100000, 0x00000000eb780000)
  object space 27648K, 26% used [0x00000000c2600000,0x00000000c2d19490,0x00000000c4100000)
 Metaspace       used 20747K, capacity 21252K, committed 21296K, reserved 1067008K
  class space    used 2677K, capacity 2826K, committed 2864K, reserved 1048576K
}
Event: 2.461 GC heap before
{Heap before GC invocations=9 (full 1):
 PSYoungGen      total 68608K, used 61440K [0x00000000eb780000, 0x00000000f3c80000, 0x0000000100000000)
  eden space 61440K, 100% used [0x00000000eb780000,0x00000000ef380000,0x00000000ef380000)
  from space 7168K, 0% used [0x00000000ef380000,0x00000000ef380000,0x00000000efa80000)
  to   space 6656K, 0% used [0x00000000f3600000,0x00000000f3600000,0x00000000f3c80000)
 ParOldGen       total 27648K, used 7269K [0x00000000c2600000, 0x00000000c4100000, 0x00000000eb780000)
  object space 27648K, 26% used [0x00000000c2600000,0x00000000c2d19490,0x00000000c4100000)
 Metaspace       used 23447K, capacity 24178K, committed 24496K, reserved 1071104K
  class space    used 2999K, capacity 3189K, committed 3248K, reserved 1048576K
Event: 2.465 GC heap after
Heap after GC invocations=9 (full 1):
 PSYoungGen      total 120320K, used 3879K [0x00000000eb780000, 0x00000000f3a00000, 0x0000000100000000)
  eden space 116224K, 0% used [0x00000000eb780000,0x00000000eb780000,0x00000000f2900000)
  from space 4096K, 94% used [0x00000000f3600000,0x00000000f39c9cb8,0x00000000f3a00000)
  to   space 6656K, 0% used [0x00000000f2d00000,0x00000000f2d00000,0x00000000f3380000)
 ParOldGen       total 27648K, used 7277K [0x00000000c2600000, 0x00000000c4100000, 0x00000000eb780000)
  object space 27648K, 26% used [0x00000000c2600000,0x00000000c2d1b490,0x00000000c4100000)
 Metaspace       used 23447K, capacity 24178K, committed 24496K, reserved 1071104K
  class space    used 2999K, capacity 3189K, committed 3248K, reserved 1048576K
}
Event: 3.862 GC heap before
{Heap before GC invocations=10 (full 1):
 PSYoungGen      total 120320K, used 120086K [0x00000000eb780000, 0x00000000f3a00000, 0x0000000100000000)
  eden space 116224K, 99% used [0x00000000eb780000,0x00000000f28fbf10,0x00000000f2900000)
  from space 4096K, 94% used [0x00000000f3600000,0x00000000f39c9cb8,0x00000000f3a00000)
  to   space 6656K, 0% used [0x00000000f2d00000,0x00000000f2d00000,0x00000000f3380000)
 ParOldGen       total 27648K, used 7277K [0x00000000c2600000, 0x00000000c4100000, 0x00000000eb780000)
  object space 27648K, 26% used [0x00000000c2600000,0x00000000c2d1b490,0x00000000c4100000)
 Metaspace       used 31857K, capacity 33184K, committed 33328K, reserved 1079296K
  class space    used 4099K, capacity 4362K, committed 4400K, reserved 1048576K
Event: 3.880 GC heap after
Heap after GC invocations=10 (full 1):
 PSYoungGen      total 126976K, used 6639K [0x00000000eb780000, 0x00000000f7a00000, 0x0000000100000000)
  eden space 120320K, 0% used [0x00000000eb780000,0x00000000eb780000,0x00000000f2d00000)
  from space 6656K, 99% used [0x00000000f2d00000,0x00000000f337bf68,0x00000000f3380000)
  to   space 11264K, 0% used [0x00000000f6f00000,0x00000000f6f00000,0x00000000f7a00000)
 ParOldGen       total 27648K, used 16769K [0x00000000c2600000, 0x00000000c4100000, 0x00000000eb780000)
  object space 27648K, 60% used [0x00000000c2600000,0x00000000c3660728,0x00000000c4100000)
 Metaspace       used 31857K, capacity 33184K, committed 33328K, reserved 1079296K
  class space    used 4099K, capacity 4362K, committed 4400K, reserved 1048576K
}
Event: 4.944 GC heap before
{Heap before GC invocations=11 (full 1):
 PSYoungGen      total 126976K, used 74329K [0x00000000eb780000, 0x00000000f7a00000, 0x0000000100000000)
  eden space 120320K, 56% used [0x00000000eb780000,0x00000000ef99a710,0x00000000f2d00000)
  from space 6656K, 99% used [0x00000000f2d00000,0x00000000f337bf68,0x00000000f3380000)
  to   space 11264K, 0% used [0x00000000f6f00000,0x00000000f6f00000,0x00000000f7a00000)
 ParOldGen       total 27648K, used 16769K [0x00000000c2600000, 0x00000000c4100000, 0x00000000eb780000)
  object space 27648K, 60% used [0x00000000c2600000,0x00000000c3660728,0x00000000c4100000)
 Metaspace       used 33940K, capacity 35352K, committed 35496K, reserved 1081344K
  class space    used 4347K, capacity 4616K, committed 4656K, reserved 1048576K
Event: 4.961 GC heap after
Heap after GC invocations=11 (full 1):
 PSYoungGen      total 187392K, used 8942K [0x00000000eb780000, 0x00000000f7f00000, 0x0000000100000000)
  eden space 176128K, 0% used [0x00000000eb780000,0x00000000eb780000,0x00000000f6380000)
  from space 11264K, 79% used [0x00000000f6f00000,0x00000000f77bbad8,0x00000000f7a00000)
  to   space 11776K, 0% used [0x00000000f6380000,0x00000000f6380000,0x00000000f6f00000)
 ParOldGen       total 27648K, used 18722K [0x00000000c2600000, 0x00000000c4100000, 0x00000000eb780000)
  object space 27648K, 67% used [0x00000000c2600000,0x00000000c3848a80,0x00000000c4100000)
 Metaspace       used 33940K, capacity 35352K, committed 35496K, reserved 1081344K
  class space    used 4347K, capacity 4616K, committed 4656K, reserved 1048576K
}
Event: 4.961 GC heap before
{Heap before GC invocations=12 (full 2):
 PSYoungGen      total 187392K, used 8942K [0x00000000eb780000, 0x00000000f7f00000, 0x0000000100000000)
  eden space 176128K, 0% used [0x00000000eb780000,0x00000000eb780000,0x00000000f6380000)
  from space 11264K, 79% used [0x00000000f6f00000,0x00000000f77bbad8,0x00000000f7a00000)
  to   space 11776K, 0% used [0x00000000f6380000,0x00000000f6380000,0x00000000f6f00000)
 ParOldGen       total 27648K, used 18722K [0x00000000c2600000, 0x00000000c4100000, 0x00000000eb780000)
  object space 27648K, 67% used [0x00000000c2600000,0x00000000c3848a80,0x00000000c4100000)
 Metaspace       used 33940K, capacity 35352K, committed 35496K, reserved 1081344K
  class space    used 4347K, capacity 4616K, committed 4656K, reserved 1048576K
Event: 5.040 GC heap after
Heap after GC invocations=12 (full 2):
 PSYoungGen      total 187392K, used 0K [0x00000000eb780000, 0x00000000f7f00000, 0x0000000100000000)
  eden space 176128K, 0% used [0x00000000eb780000,0x00000000eb780000,0x00000000f6380000)
  from space 11264K, 0% used [0x00000000f6f00000,0x00000000f6f00000,0x00000000f7a00000)
  to   space 11776K, 0% used [0x00000000f6380000,0x00000000f6380000,0x00000000f6f00000)
 ParOldGen       total 47104K, used 19059K [0x00000000c2600000, 0x00000000c5400000, 0x00000000eb780000)
  object space 47104K, 40% used [0x00000000c2600000,0x00000000c389cc70,0x00000000c5400000)
 Metaspace       used 33940K, capacity 35352K, committed 35496K, reserved 1081344K
  class space    used 4347K, capacity 4616K, committed 4656K, reserved 1048576K
}

